---------------------------------------------------------------

[2020-01-02T16:27:44+08:00] 127.0.0.1 GET www.tpcms.com/admin/login/index
[运行时间：0.753601s] [吞吐率：1.33req/s] [内存消耗：1,939.66kb] [文件加载：79]
[ info ] [ LANG ] D:\phpToolbox\myphp_www\PHPTutorial\WWW\Mywook\wwwroot\qxgl\TPCMS\thinkphp\lang\zh-cn.php
[ info ] [ ROUTE ] array (
)
[ info ] [ HEADER ] array (
  'cache-control' => 'no-cache',
  'pragma' => 'no-cache',
  'upgrade-insecure-requests' => '1',
  'connection' => 'close',
  'dnt' => '1',
  'accept-encoding' => 'gzip, deflate',
  'accept-language' => 'zh-CN,zh;q=0.8,zh-TW;q=0.7,zh-HK;q=0.5,en-US;q=0.3,en;q=0.2',
  'accept' => 'text/html,application/xhtml+xml,application/xml;q=0.9,*/*;q=0.8',
  'user-agent' => 'Mozilla/5.0 (compatible, MSIE 11, Windows NT 6.3; Trident/7.0; rv:11.0) like Gecko',
  'host' => 'www.tpcms.com',
)
[ info ] [ PARAM ] array (
)
[ info ] [ VIEW ] D:\phpToolbox\myphp_www\PHPTutorial\WWW\Mywook\wwwroot\qxgl\TPCMS\application\admin\view\login\index.html [ array (
) ]
---------------------------------------------------------------

[2020-01-02T16:27:44+08:00] 127.0.0.1 GET www.tpcms.com/captcha
[运行时间：0.200156s] [吞吐率：5.00req/s] [内存消耗：1,397.48kb] [文件加载：61]
[ info ] [ LANG ] D:\phpToolbox\myphp_www\PHPTutorial\WWW\Mywook\wwwroot\qxgl\TPCMS\thinkphp\lang\zh-cn.php
[ info ] [ ROUTE ] array (
  'rule' => 'captcha/<id?>',
  'route' => '\\think\\captcha\\CaptchaController@index',
  'option' => 
  array (
    'merge_rule_regex' => false,
  ),
  'var' => 
  array (
  ),
)
[ info ] [ HEADER ] array (
  'cache-control' => 'no-cache',
  'pragma' => 'no-cache',
  'referer' => 'http://www.tpcms.com/admin/login/index',
  'connection' => 'close',
  'dnt' => '1',
  'accept-encoding' => 'gzip, deflate',
  'accept-language' => 'zh-CN,zh;q=0.8,zh-TW;q=0.7,zh-HK;q=0.5,en-US;q=0.3,en;q=0.2',
  'accept' => 'image/webp,*/*',
  'user-agent' => 'Mozilla/5.0 (compatible, MSIE 11, Windows NT 6.3; Trident/7.0; rv:11.0) like Gecko',
  'host' => 'www.tpcms.com',
)
[ info ] [ PARAM ] array (
)
